<?xml version="1.0" encoding="UTF-8"?>
<!-- Generated by org.testng.reporters.JUnitReportReporter -->
<testsuite hostname="Ganesh" failures="0" tests="1" name="TestStringCalculator" time="0.005" errors="0" timestamp="2021-10-16T19:24:41 IST" skipped="0">
  <testcase classname="TestStringCalculator" name="negativeInputReturnsException" time="0.005"/>
  <system-out/>
</testsuite> <!-- TestStringCalculator -->
